生成启动时间为 2012/8/2 19:01:18。
     1>项目“E:\Desktop\works\DepthMapBinIOSample\DepthMapBinIOSample\DepthMapBinIOSample.vcxproj”在节点 2 上(build 个目标)。
     1>PrepareForBuild:
         正在创建目录“E:\Desktop\works\DepthMapBinIOSample\Release\”。
       InitializeBuildStatus:
         正在创建“Release\DepthMapBinIOSample.unsuccessfulbuild”，因为已指定“AlwaysCreate”。
       ClCompile:
         C:\Program Files\Microsoft Visual Studio 10.0\VC\bin\CL.exe /c /Zi /nologo /W3 /WX- /O2 /Oi /Oy- /GL /D WIN32 /D NDEBUG /D _CONSOLE /D _UNICODE /D UNICODE /Gm- /EHsc /MD /GS /Gy /fp:precise /Zc:wchar_t /Zc:forScope /Yc"StdAfx.h" /Fp"Release\DepthMapBinIOSample.pch" /Fo"Release\\" /Fd"Release\vc100.pdb" /Gd /TP /analyze- /errorReport:prompt stdafx.cpp
         stdafx.cpp
         C:\Program Files\Microsoft Visual Studio 10.0\VC\bin\CL.exe /c /Zi /nologo /W3 /WX- /O2 /Oi /Oy- /GL /D WIN32 /D NDEBUG /D _CONSOLE /D _UNICODE /D UNICODE /Gm- /EHsc /MD /GS /Gy /fp:precise /Zc:wchar_t /Zc:forScope /Yu"StdAfx.h" /Fp"Release\DepthMapBinIOSample.pch" /Fo"Release\\" /Fd"Release\vc100.pdb" /Gd /TP /analyze- /errorReport:prompt DepthMap.cpp DepthMapBinFileIO.cpp DepthMapBinIOSample.cpp
         DepthMap.cpp
     1>DepthMap.cpp(68): warning C4244: “初始化”: 从“float”转换到“int”，可能丢失数据
     1>DepthMap.cpp(69): warning C4244: “初始化”: 从“float”转换到“int”，可能丢失数据
     1>DepthMap.cpp(78): warning C4244: “初始化”: 从“float”转换到“int”，可能丢失数据
     1>DepthMap.cpp(79): warning C4244: “初始化”: 从“float”转换到“int”，可能丢失数据
         DepthMapBinFileIO.cpp
         DepthMapBinIOSample.cpp
     1>DepthMapBinIOSample.cpp(15): warning C4996: 'fopen': This function or variable may be unsafe. Consider using fopen_s instead. To disable deprecation, use _CRT_SECURE_NO_WARNINGS. See online help for details.
                 C:\Program Files\Microsoft Visual Studio 10.0\VC\include\stdio.h(234) : 参见“fopen”的声明
       Link:
         C:\Program Files\Microsoft Visual Studio 10.0\VC\bin\link.exe /ERRORREPORT:PROMPT /OUT:"E:\Desktop\works\DepthMapBinIOSample\Release\DepthMapBinIOSample.exe" /INCREMENTAL:NO /NOLOGO kernel32.lib user32.lib gdi32.lib winspool.lib comdlg32.lib advapi32.lib shell32.lib ole32.lib oleaut32.lib uuid.lib odbc32.lib odbccp32.lib /MANIFEST /ManifestFile:"Release\DepthMapBinIOSample.exe.intermediate.manifest" /MANIFESTUAC:"level='asInvoker' uiAccess='false'" /DEBUG /PDB:"E:\Desktop\works\DepthMapBinIOSample\Release\DepthMapBinIOSample.pdb" /SUBSYSTEM:CONSOLE /OPT:REF /OPT:ICF /LTCG /TLBID:1 /DYNAMICBASE /NXCOMPAT /IMPLIB:"E:\Desktop\works\DepthMapBinIOSample\Release\DepthMapBinIOSample.lib" /MACHINE:X86 Release\DepthMap.obj
         Release\DepthMapBinFileIO.obj
         Release\DepthMapBinIOSample.obj
         Release\stdafx.obj
         正在生成代码
         已完成代码的生成
         DepthMapBinIOSample.vcxproj -> E:\Desktop\works\DepthMapBinIOSample\Release\DepthMapBinIOSample.exe
       Manifest:
         C:\Program Files\Microsoft SDKs\Windows\v7.0A\bin\mt.exe /nologo /verbose /outputresource:"E:\Desktop\works\DepthMapBinIOSample\Release\DepthMapBinIOSample.exe;#1" /manifest Release\DepthMapBinIOSample.exe.intermediate.manifest
       FinalizeBuildStatus:
         正在删除文件“Release\DepthMapBinIOSample.unsuccessfulbuild”。
         正在对“Release\DepthMapBinIOSample.lastbuildstate”执行 Touch 任务。
     1>已完成生成项目“E:\Desktop\works\DepthMapBinIOSample\DepthMapBinIOSample\DepthMapBinIOSample.vcxproj”(build 个目标)的操作。

生成成功。

已用时间 00:00:03.21
